<?xml version="1.0" encoding="UTF-8"?>
<testng-results ignored="0" total="1" passed="1" failed="0" skipped="0">
  <reporter-output>
  </reporter-output>
  <suite started-at="2023-04-24T22:52:43 EDT" name="Default suite" finished-at="2023-04-24T22:52:46 EDT" duration-ms="3039">
    <groups>
    </groups>
    <test started-at="2023-04-24T22:52:43 EDT" name="Default test" finished-at="2023-04-24T22:52:46 EDT" duration-ms="3039">
      <class name="maventestscripts.Scenario5">
        <test-method is-config="true" signature="opensite()[pri:0, instance:maventestscripts.Scenario5@5c33f1a9]" started-at="2023-04-24T22:52:43 EDT" name="opensite" finished-at="2023-04-24T22:52:45 EDT" duration-ms="1953" status="PASS">
          <reporter-output>
          </reporter-output>
        </test-method> <!-- opensite -->
        <test-method signature="scnario()[pri:0, instance:maventestscripts.Scenario5@5c33f1a9]" started-at="2023-04-24T22:52:45 EDT" name="scnario" finished-at="2023-04-24T22:52:46 EDT" duration-ms="928" status="PASS">
          <reporter-output>
          </reporter-output>
        </test-method> <!-- scnario -->
        <test-method is-config="true" signature="closeBrowser()[pri:0, instance:maventestscripts.Scenario5@5c33f1a9]" started-at="2023-04-24T22:52:46 EDT" name="closeBrowser" finished-at="2023-04-24T22:52:46 EDT" duration-ms="127" status="PASS">
          <reporter-output>
          </reporter-output>
        </test-method> <!-- closeBrowser -->
      </class> <!-- maventestscripts.Scenario5 -->
    </test> <!-- Default test -->
  </suite> <!-- Default suite -->
</testng-results>
